Build started 15/8/2016 2:19:16 PM.
     1>Project "C:\Users\Daniel\Desktop\SP3\FrameWork Ver3.1\Base\Base.vcxproj" on node 2 (Build target(s)).
     1>ClCompile:
         C:\Program Files (x86)\Microsoft Visual Studio 12.0\VC\bin\CL.exe /c /I"C:\Users\Daniel\Desktop\SP3\FrameWork Ver3.1\/Common/Source" /I"C:\Users\Daniel\Desktop\SP3\FrameWork Ver3.1\/glew/include" /I"C:\Users\Daniel\Desktop\SP3\FrameWork Ver3.1\/glfw/include" /ZI /nologo /W3 /WX- /Od /Oy- /D _VARIADIC_MAX=10 /D WIN32 /D _DEBUG /D _CONSOLE /D _UNICODE /D UNICODE /Gm /EHsc /RTC1 /MDd /GS /fp:precise /Zc:wchar_t /Zc:forScope /Fo"Debug\\" /Fd"Debug\vc120.pdb" /Gd /TP /analyze- /errorReport:prompt Source\Assignment.cpp
         Assignment.cpp
       Link:
         C:\Program Files (x86)\Microsoft Visual Studio 12.0\VC\bin\link.exe /ERRORREPORT:PROMPT /OUT:"C:\Users\Daniel\Desktop\SP3\FrameWork Ver3.1\Debug\Base.exe" /INCREMENTAL:NO /NOLOGO /LIBPATH:"C:\Users\Daniel\Desktop\SP3\FrameWork Ver3.1\Debug" /LIBPATH:"C:\Users\Daniel\Desktop\SP3\FrameWork Ver3.1\/glfw/lib-msvc100" /LIBPATH:"C:\Users\Daniel\Desktop\SP3\FrameWork Ver3.1\/glew/lib" Common.lib winmm.lib opengl32.lib glu32.lib glew32.lib glfw3.lib kernel32.lib user32.lib gdi32.lib winspool.lib comdlg32.lib advapi32.lib shell32.lib ole32.lib oleaut32.lib uuid.lib odbc32.lib odbccp32.lib /MANIFEST /MANIFESTUAC:"level='asInvoker' uiAccess='false'" /manifest:embed /DEBUG /PDB:"C:\Users\Daniel\Desktop\SP3\FrameWork Ver3.1\Debug\Base.pdb" /SUBSYSTEM:CONSOLE /TLBID:1 /DYNAMICBASE /NXCOMPAT /IMPLIB:"C:\Users\Daniel\Desktop\SP3\FrameWork Ver3.1\Debug\Base.lib" /MACHINE:X86 Debug\Animation.obj
         Debug\Application.obj
         Debug\Assignment.obj
         Debug\Camera.obj
         Debug\Camera2.obj
         Debug\Camera3.obj
         Debug\DepthFBO.obj
         Debug\Entity.obj
         Debug\EntityManager.obj
         Debug\LoadHmap.obj
         Debug\LoadOBJ.obj
         Debug\LoadTGA.obj
         Debug\main.obj
         Debug\Mesh.obj
         Debug\MeshBuilder.obj
         Debug\ParticleGenerator.obj
         Debug\Particles.obj
         Debug\Renderable.obj
         Debug\RenderManager.obj
         Debug\SceneManager.obj
         Debug\shader.obj
         Debug\SpriteAnimation.obj
         Debug\Terrain.obj
         Debug\Utility.obj
     1>Animation.obj : warning LNK4075: ignoring '/EDITANDCONTINUE' due to '/OPT:LBR' specification
     1>LINK : warning LNK4098: defaultlib 'MSVCRT' conflicts with use of other libs; use /NODEFAULTLIB:library
         Base.vcxproj -> C:\Users\Daniel\Desktop\SP3\FrameWork Ver3.1\Debug\Base.exe
     1>Done Building Project "C:\Users\Daniel\Desktop\SP3\FrameWork Ver3.1\Base\Base.vcxproj" (Build target(s)).

Build succeeded.

Time Elapsed 00:00:01.08
